<?xml version="1.0" encoding="UTF-8"?>
<!-- Generated by org.testng.reporters.JUnitXMLReporter -->
<testsuite ignored="2" hostname="SSPL-LPTP-306" failures="0" tests="1" name="groupDemoTest" time="0.051" errors="0" timestamp="2025-05-14T10:57:49 IST">
  <testcase classname="serosoft.groupDemo" name="Test3" time="0.009"/>
  <testcase classname="serosoft.groupDemo" name="TestLogin" time="0.0">
    <ignored/>
  </testcase> <!-- TestLogin -->
  <testcase classname="serosoft.groupDemo" name="Test2" time="0.0">
    <ignored/>
  </testcase> <!-- Test2 -->
</testsuite> <!-- groupDemoTest -->
