<?xml version="1.0" encoding="UTF-8"?>
<!-- Generated by org.testng.reporters.JUnitXMLReporter -->
<testsuite ignored="0" hostname="SSPL-LPTP-306" failures="0" tests="3" name="Default test" time="0.102" errors="0" timestamp="2025-05-09T10:54:56 IST">
  <testcase classname="serosoft.DependencyDemo" name="CreateShipment" time="0.021"/>
  <testcase classname="serosoft.DependencyDemo" name="trackShipment" time="0.001"/>
  <testcase classname="serosoft.DependencyDemo" name="cancelShipment" time="0.001"/>
</testsuite> <!-- Default test -->
