<?xml version="1.0" encoding="UTF-8"?>
<!-- Generated by org.testng.reporters.JUnitXMLReporter -->
<testsuite ignored="0" hostname="SSPL-LPTP-306" failures="0" tests="3" name="Test" time="0.063" errors="0" timestamp="2025-05-09T11:00:55 IST">
  <testcase classname="serosoft.DependencyDemo" name="CreateShipment" time="0.009"/>
  <testcase classname="serosoft.DependencyDemo" name="trackShipment" time="0.001"/>
  <testcase classname="serosoft.DependencyDemo" name="cancelShipment" time="0.0"/>
</testsuite> <!-- Test -->
