<?xml version="1.0" encoding="UTF-8"?>
<testng-results ignored="0" total="2" passed="2" failed="0" skipped="0">
  <reporter-output>
  </reporter-output>
  <suite started-at="2025-05-19T11:18:16 IST" name="Suite" finished-at="2025-05-19T11:18:16 IST" duration-ms="54">
    <groups>
    </groups>
    <test started-at="2025-05-19T11:18:16 IST" name="Test" finished-at="2025-05-19T11:18:16 IST" duration-ms="54">
      <class name="serosoft.listnersDemo">
        <test-method signature="Test1()[pri:0, instance:serosoft.listnersDemo@71238fc2]" started-at="2025-05-19T11:18:16 IST" name="Test1" finished-at="2025-05-19T11:18:16 IST" duration-ms="9" status="PASS">
          <reporter-output>
          </reporter-output>
        </test-method> <!-- Test1 -->
        <test-method signature="Test2()[pri:0, instance:serosoft.listnersDemo@71238fc2]" started-at="2025-05-19T11:18:16 IST" name="Test2" finished-at="2025-05-19T11:18:16 IST" duration-ms="2" status="PASS">
          <reporter-output>
          </reporter-output>
        </test-method> <!-- Test2 -->
      </class> <!-- serosoft.listnersDemo -->
    </test> <!-- Test -->
  </suite> <!-- Suite -->
</testng-results>
